<?xml version="1.0" encoding="UTF-8"?>
<!-- Generated by org.testng.reporters.JUnitXMLReporter -->
<testsuite ignored="0" hostname="DESKTOP-LBLE21F" failures="0" tests="4" name="Default test" time="87.863" errors="0" timestamp="2020-05-28T03:53:40 EET">
  <testcase classname="SeleniumTasks.Task3_DynamicLoad_TC_Run" name="Task3_run" time="54.684"/>
  <testcase classname="RestAssuredTask.API_Test_Automation" name="Automate_API" time="4.407"/>
  <testcase classname="SeleniumTasks.Task2_UploadFile_TC_Run" name="Run_Test_Case" time="15.196"/>
  <testcase classname="SeleniumTasks.Task1_ValidateText_TC_Run" name="Task1_1Run" time="13.517"/>
</testsuite> <!-- Default test -->
