<?xml version="1.0" encoding="UTF-8"?>
<testng-results ignored="0" total="1" passed="1" failed="0" skipped="0">
  <reporter-output>
  </reporter-output>
  <suite started-at="2020-05-28T02:49:02 EET" name="Default suite" finished-at="2020-05-28T02:49:05 EET" duration-ms="3808">
    <groups>
    </groups>
    <test started-at="2020-05-28T02:49:02 EET" name="Default test" finished-at="2020-05-28T02:49:05 EET" duration-ms="3808">
      <class name="RestAssuredTask.API_Test_Automation">
        <test-method signature="Automate_API()[pri:0, instance:RestAssuredTask.API_Test_Automation@1534f01b]" started-at="2020-05-28T02:49:02 EET" name="Automate_API" finished-at="2020-05-28T02:49:05 EET" duration-ms="3771" status="PASS">
          <reporter-output>
          </reporter-output>
        </test-method> <!-- Automate_API -->
      </class> <!-- RestAssuredTask.API_Test_Automation -->
    </test> <!-- Default test -->
  </suite> <!-- Default suite -->
</testng-results>
